# JRE version: OpenJDK Runtime Environment (8.0_152-b01) (build 1.8.0_152-release-1024-b01)
# Java VM: OpenJDK 64-Bit Server VM (25.152-b01 mixed mode linux-amd64 compressed oops)
Heap:
 PSYoungGen      total 240128K, used 64K [0x00000000e0000000, 0x00000000f1500000, 0x0000000100000000)
  eden space 199168K, 0% used [0x00000000e0000000,0x00000000e0000000,0x00000000ec280000)
  from space 40960K, 0% used [0x00000000ec280000,0x00000000ec290000,0x00000000eea80000)
  to   space 41472K, 0% used [0x00000000eea80000,0x00000000eea80000,0x00000000f1300000)
 ParOldGen       total 146944K, used 54748K [0x00000000a0000000, 0x00000000a8f80000, 0x00000000e0000000)
  object space 146944K, 37% used [0x00000000a0000000,0x00000000a3577258,0x00000000a8f80000)
 Metaspace       used 61063K, capacity 63310K, committed 63576K, reserved 1103872K
  class space    used 8316K, capacity 8813K, committed 8832K, reserved 1048576K
GC Heap History (10 events):
Event: 46.566 GC heap after
Heap after GC invocations=25 (full 4):
 PSYoungGen      total 157184K, used 29672K [0x00000000e0000000, 0x00000000ef400000, 0x0000000100000000)
  eden space 127488K, 0% used [0x00000000e0000000,0x00000000e0000000,0x00000000e7c80000)
  from space 29696K, 99% used [0x00000000e7c80000,0x00000000e997a010,0x00000000e9980000)
  to   space 44544K, 0% used [0x00000000ec880000,0x00000000ec880000,0x00000000ef400000)
 ParOldGen       total 120832K, used 72726K [0x00000000a0000000, 0x00000000a7600000, 0x00000000e0000000)
  object space 120832K, 60% used [0x00000000a0000000,0x00000000a4705b50,0x00000000a7600000)
 Metaspace       used 59272K, capacity 61258K, committed 61528K, reserved 1101824K
  class space    used 8103K, capacity 8549K, committed 8576K, reserved 1048576K
}
Event: 50.514 GC heap before
{Heap before GC invocations=26 (full 4):
 PSYoungGen      total 157184K, used 157160K [0x00000000e0000000, 0x00000000ef400000, 0x0000000100000000)
  eden space 127488K, 100% used [0x00000000e0000000,0x00000000e7c80000,0x00000000e7c80000)
  from space 29696K, 99% used [0x00000000e7c80000,0x00000000e997a010,0x00000000e9980000)
  to   space 44544K, 0% used [0x00000000ec880000,0x00000000ec880000,0x00000000ef400000)
 ParOldGen       total 120832K, used 72726K [0x00000000a0000000, 0x00000000a7600000, 0x00000000e0000000)
  object space 120832K, 60% used [0x00000000a0000000,0x00000000a4705b50,0x00000000a7600000)
 Metaspace       used 60898K, capacity 63122K, committed 63320K, reserved 1103872K
  class space    used 8289K, capacity 8773K, committed 8832K, reserved 1048576K
Event: 50.692 GC heap after
Heap after GC invocations=26 (full 4):
 PSYoungGen      total 200192K, used 15069K [0x00000000e0000000, 0x00000000eee80000, 0x0000000100000000)
  eden space 161280K, 0% used [0x00000000e0000000,0x00000000e0000000,0x00000000e9d80000)
  from space 38912K, 38% used [0x00000000ec880000,0x00000000ed737548,0x00000000eee80000)
  to   space 41472K, 0% used [0x00000000e9d80000,0x00000000e9d80000,0x00000000ec600000)
 ParOldGen       total 120832K, used 100556K [0x00000000a0000000, 0x00000000a7600000, 0x00000000e0000000)
  object space 120832K, 83% used [0x00000000a0000000,0x00000000a62333b0,0x00000000a7600000)
 Metaspace       used 60898K, capacity 63122K, committed 63320K, reserved 1103872K
  class space    used 8289K, capacity 8773K, committed 8832K, reserved 1048576K
}
Event: 50.692 GC heap before
{Heap before GC invocations=27 (full 5):
 PSYoungGen      total 200192K, used 15069K [0x00000000e0000000, 0x00000000eee80000, 0x0000000100000000)
  eden space 161280K, 0% used [0x00000000e0000000,0x00000000e0000000,0x00000000e9d80000)
  from space 38912K, 38% used [0x00000000ec880000,0x00000000ed737548,0x00000000eee80000)
  to   space 41472K, 0% used [0x00000000e9d80000,0x00000000e9d80000,0x00000000ec600000)
 ParOldGen       total 120832K, used 100556K [0x00000000a0000000, 0x00000000a7600000, 0x00000000e0000000)
  object space 120832K, 83% used [0x00000000a0000000,0x00000000a62333b0,0x00000000a7600000)
 Metaspace       used 60898K, capacity 63122K, committed 63320K, reserved 1103872K
  class space    used 8289K, capacity 8773K, committed 8832K, reserved 1048576K
Event: 50.896 GC heap after
Heap after GC invocations=27 (full 5):
 PSYoungGen      total 200192K, used 0K [0x00000000e0000000, 0x00000000eee80000, 0x0000000100000000)
  eden space 161280K, 0% used [0x00000000e0000000,0x00000000e0000000,0x00000000e9d80000)
  from space 38912K, 0% used [0x00000000ec880000,0x00000000ec880000,0x00000000eee80000)
  to   space 41472K, 0% used [0x00000000e9d80000,0x00000000e9d80000,0x00000000ec600000)
 ParOldGen       total 146944K, used 54037K [0x00000000a0000000, 0x00000000a8f80000, 0x00000000e0000000)
  object space 146944K, 36% used [0x00000000a0000000,0x00000000a34c5568,0x00000000a8f80000)
 Metaspace       used 60898K, capacity 63122K, committed 63320K, reserved 1103872K
  class space    used 8289K, capacity 8773K, committed 8832K, reserved 1048576K
}
Event: 51.247 GC heap before
{Heap before GC invocations=28 (full 5):
 PSYoungGen      total 200192K, used 161135K [0x00000000e0000000, 0x00000000eee80000, 0x0000000100000000)
  eden space 161280K, 99% used [0x00000000e0000000,0x00000000e9d5bc88,0x00000000e9d80000)
  from space 38912K, 0% used [0x00000000ec880000,0x00000000ec880000,0x00000000eee80000)
  to   space 41472K, 0% used [0x00000000e9d80000,0x00000000e9d80000,0x00000000ec600000)
 ParOldGen       total 146944K, used 54037K [0x00000000a0000000, 0x00000000a8f80000, 0x00000000e0000000)
  object space 146944K, 36% used [0x00000000a0000000,0x00000000a34c5568,0x00000000a8f80000)
 Metaspace       used 61053K, capacity 63310K, committed 63576K, reserved 1103872K
  class space    used 8316K, capacity 8813K, committed 8832K, reserved 1048576K
Event: 51.252 GC heap after
Heap after GC invocations=28 (full 5):
 PSYoungGen      total 202752K, used 917K [0x00000000e0000000, 0x00000000f1300000, 0x0000000100000000)
  eden space 161280K, 0% used [0x00000000e0000000,0x00000000e0000000,0x00000000e9d80000)
  from space 41472K, 2% used [0x00000000e9d80000,0x00000000e9e65768,0x00000000ec600000)
  to   space 41472K, 0% used [0x00000000eea80000,0x00000000eea80000,0x00000000f1300000)
 ParOldGen       total 146944K, used 54045K [0x00000000a0000000, 0x00000000a8f80000, 0x00000000e0000000)
  object space 146944K, 36% used [0x00000000a0000000,0x00000000a34c7568,0x00000000a8f80000)
 Metaspace       used 61053K, capacity 63310K, committed 63576K, reserved 1103872K
  class space    used 8316K, capacity 8813K, committed 8832K, reserved 1048576K
}
Event: 51.336 GC heap before
{Heap before GC invocations=29 (full 5):
 PSYoungGen      total 202752K, used 161301K [0x00000000e0000000, 0x00000000f1300000, 0x0000000100000000)
  eden space 161280K, 99% used [0x00000000e0000000,0x00000000e9c9ffc0,0x00000000e9d80000)
  from space 41472K, 2% used [0x00000000e9d80000,0x00000000e9e65768,0x00000000ec600000)
  to   space 41472K, 0% used [0x00000000eea80000,0x00000000eea80000,0x00000000f1300000)
 ParOldGen       total 146944K, used 54045K [0x00000000a0000000, 0x00000000a8f80000, 0x00000000e0000000)
  object space 146944K, 36% used [0x00000000a0000000,0x00000000a34c7568,0x00000000a8f80000)
 Metaspace       used 61058K, capacity 63310K, committed 63576K, reserved 1103872K
  class space    used 8316K, capacity 8813K, committed 8832K, reserved 1048576K
Event: 51.342 GC heap after
Heap after GC invocations=29 (full 5):
 PSYoungGen      total 240640K, used 64K [0x00000000e0000000, 0x00000000f1500000, 0x0000000100000000)
  eden space 199168K, 0% used [0x00000000e0000000,0x00000000e0000000,0x00000000ec280000)
  from space 41472K, 0% used [0x00000000eea80000,0x00000000eea90000,0x00000000f1300000)
  to   space 40960K, 0% used [0x00000000ec280000,0x00000000ec280000,0x00000000eea80000)
 ParOldGen       total 146944K, used 54724K [0x00000000a0000000, 0x00000000a8f80000, 0x00000000e0000000)
  object space 146944K, 37% used [0x00000000a0000000,0x00000000a3571258,0x00000000a8f80000)
 Metaspace       used 61058K, capacity 63310K, committed 63576K, reserved 1103872K
  class space    used 8316K, capacity 8813K, committed 8832K, reserved 1048576K
}
Event: 51.475 GC heap before
{Heap before GC invocations=30 (full 5):
 PSYoungGen      total 240640K, used 198375K [0x00000000e0000000, 0x00000000f1500000, 0x0000000100000000)
  eden space 199168K, 99% used [0x00000000e0000000,0x00000000ec1a9fa0,0x00000000ec280000)
  from space 41472K, 0% used [0x00000000eea80000,0x00000000eea90000,0x00000000f1300000)
  to   space 40960K, 0% used [0x00000000ec280000,0x00000000ec280000,0x00000000eea80000)
 ParOldGen       total 146944K, used 54724K [0x00000000a0000000, 0x00000000a8f80000, 0x00000000e0000000)
  object space 146944K, 37% used [0x00000000a0000000,0x00000000a3571258,0x00000000a8f80000)
 Metaspace       used 61063K, capacity 63310K, committed 63576K, reserved 1103872K
  class space    used 8316K, capacity 8813K, committed 8832K, reserved 1048576K

